1646630124.1600213 - C connected

1646630124.1831636 - A connected
1646630124.1677573 A a7cec82af43857d76c23dd8a28d98b1f763aff3bc5739dd51f0ea2023a0fbc2f

1646630124.1833925 - B connected

1646630124.1833613 B 1bcc771b25c99873c7bf8dc7f4d4caf3184de1f413c4aa64e0a86251761718d2

1646630124.1772735 C 2a5ef930713e8fd2606dde438aeabbb9a7f3cf62b6cc26eea45ecb496f0727db

1646630124.1915712 B a3ed5d70bac75e89282c149b625d795c0d89945149797f696e1a9deff5613919

1646630124.3095315 C 0b69a82233ce7fe46f4f6a37796f4a945d2fdd6ab082bdbd2be5c80d3d2d14a7

1646630124.7174501 B 7a8d0cdade038eb7318987c3e1ef5e4a10e6ef20cddb5496d6d79db6e7e3f0ce

1646630124.8466144 A 29acae1bf9ce15063aed1fcb8510f3fe74406e1499f744defdaa2707bf38302d

1646630125.4217002 C 340eba5c342d55448e4f971d47672fdfcb1009c9cc8aa636689e3e294419ec70

1646630125.5285358 A e5393cab6ef956789f49588bb5eb657f8c2eca4f6dde1142dc3f5322bb2e192e

1646630125.666547 C aedccc4f7e9ec65c882496735437d138af7e120dc633caca4bfaaf189249a764

1646630125.8707128 C fc4220cf5ffdb8eaad57ae4e9cf82e9e09afd2172b8ca895ee1a0aeb2553fc0a

1646630126.0053344 C d40b873e326b64f3ebb7f8a13293661264022da7667ca82815afac69ddb06d3b

1646630126.0176678 C 9a3346a175162b8cceb8e3b76a0328fe932c2533307cf3b1251968ba2fa5e400

1646630126.3144524 C a0f514606f30c46407dd33d8a705c24fd45ae4c02113867a09d5f9e21518ae5d

1646630126.3723829 C cced12da6a71a5cf99b541568d0a2ac5b68dd8d4562f12c08561ff834843c9fa

1646630126.4619334 C 8d5f711567ce5863cda5b944b0a333d47390c6231d8138713b053d09745596b2

1646630126.698837 C 44dd274aa0ee39cd7323e6559ad5dff9a8a11941252712d856240a1b0d7e0f05

1646630126.8232203 C e6b8b646c1dd49113bfe18a63bf140e66a75280b0ed1a0b7bbe38a0cb037713b

1646630126.8721666 A 460684f1445dbbc57bc3711e7ded06072bea067291c20e4558d51acb332cadfd

1646630127.1486623 C 5c4ce66d768e783887bb8f88deb75dc8abab929c2c23f0abd5dd8810d2b8b219

1646630127.6166797 A 1f440142f82386932382008507dd61bd2781c11767e86b8a2e5b7605ad7798a0

1646630127.8122683 C 7b56fdc34f594bf234716e23b4d900fa57bff50cd172788955cd79e5bde28d9e

1646630128.422993 C b236eae9e5f836acaf214aa2d847fbf636efa09866d54a020b03468da116366f

1646630128.713993 C 62eb491ac6c235d915c2773fc31fc4d580d4762df9d9514151451b91ec28dc6e

1646630128.834405 C fd3c8559c599d5292c918084803fc17688f73f17f8a4e4ec7db32e3e6cbe8216

1646630128.8773727 B bf7307f1f31ff4c3477432b8f20000fcbfe5284c3d83c07140db89766c728d5c

1646630129.276226 C e7468165c5eac308598930d4a028a6b84f330c3401554302accb696d7972cf56

1646630129.829996 C e82f88b5528d182a5ec911c5bf6a337193076a7d32b1582058d358d718d49817

1646630129.8905144 C 166a9fc110928dc0a1dac927741164d8ad32692f528e87af2eae2370df48e7cd

1646630129.8979027 C ee73cea33da612c6288102fb02a192885163a1627c16148fddbd09d70d33b8a8

1646630130.0062656 B 1fd461beeea99ee28a50cc85711f572c2d6cce61d9721f983c5aed34151455b3

1646630130.1038015 C dffba3aeeb9f3591098c54ec1e8daecb00f101db66053f6604e17ce0d35fffb5

1646630130.217694 B 219d55ff23870e54a17229cd7aa3710d99e688644ccb676ce9fbc80b6dbffdf8

1646630130.604655 C f885e46d2bcc46a8f65f013f4356a2a08853b4b3975194019ea5bb44a23b8a9d

1646630130.9157887 C 0b855af006c1ddaa252787a71fab3b489ba480deda8ba3b7fe35d2c6e9fd0d5c

1646630131.2585063 C ef303a6d63324e88ed2f2a2b26c2f5fe9fc8fb2ca1d023ea87d212a0857a6dd0

1646630131.849091 C bffb902570f47a10094bbf5c36f9a0a41d439ba82d9dd4a4cd4c8fb2c785e865

1646630132.0673192 C 9f86f27577c48c5b68225b93184ca757768f730a83943df8b9f1af4fb807db63

1646630132.1636894 B 16d2d400e760a294e1494ba5018b7eccefbcfc8e2902a8a7c19dbf1baa58b55f

1646630132.307119 B dc932b4eca7f22c7a30446b4ced7019d7fb11c77a18c8a7955b06ecba90a83e9

1646630132.412932 C add287f30b2d663f9bfa94a1692c64354008f550e02710199a446c9bcf192b0a

1646630132.6980786 C 545e075c6fb155e40ee5041731edb5a59c3a2ea4d9f804565a316aafc772fda4

1646630133.245466 C e4ed1ac970e843688bfff9ea193658525234e32b0f00e74d2cbe6fc7b72c6aa7

1646630133.6048484 B ee4cbe5afd9fc966872a37a949424ac1e0b757dbaa7a3d051e4d91292e51b83e

1646630133.6218245 C 9093dddd9378a0914ef98ec3c2e1378975d532fea62cd72c1279371a16ced1a7

1646630133.7613704 C d6c1b198ec57474c6e6896fe9c4d867cf95dcded1c10178422f360205a5c05a9

1646630134.0928092 B 5fe30fc0422f9aa1f277a6be2f7c3d962a8a6e549d0db22fb49718edc77b9d0c

1646630135.4496891 B ca6a81e6b9497abb8c0999aaa659e800b5ea3d242fc40352d791ada20f0a00ac

1646630135.8264565 B 91735b8dc9d1cadba95775bc49baf47ed9c9411d48365d4b4a7c6dc3bfef6fbf

1646630136.4833057 A 62d1ce14bb9aa8c1efc84c0fc97398bf72eb97a9778adc45f282aabf490bd5cd

1646630136.6854858 C 8f784265c8689cab16e174953268dcefb75da7ab3723d97c772ec2f1ca3b1652

1646630137.6422658 C 8489837944200f9db9b4b925e635e4f1e2d1291a8bb411b48297e4d8b3557d32

1646630138.1629238 C c8c071744394428b495f4755f778191e5a699c0049ee4cd3f41b9cd7621d941a

1646630138.2514858 C bc63fa64a777feb266eb1eb846016eeae895078efc030f7da3a037bd01563a6c

1646630138.5487583 C f4108c81fc62f4466944c353890f8bd6492ac615bf30cc7cf704d8bedcd5843b

1646630138.7484531 C d8bee3a3663d60a8c5795b9e39bb18fa36ace091765fc3c040d054ae2a9b1c4a

1646630138.7717721 C 11f5d572adaa4ef0396728f5a536c03a4f615639b11df334acf15c10f34d8081

1646630138.7964482 B 85e31fdeab4345e03382178660461d3cb830571f88217133a4d23b8622a6d047

1646630138.9715517 C ec46656af4cf9bb2ebf7e0c812e8af7048f53405b9944d4729100d3bfa47cb32

1646630138.9817579 C f9c21748632f56c73a315e44cad99f9580651241c7a097a8465218c57918a689

1646630139.6400552 C 34019a1c627574dfe75a9c2caf2298e6b067d81b05d19d1b1351753c49cfe89d

1646630139.801677 C 1fb0ca6ff18e39ba78d0036c4842d3a2c2cb62c69bf1c70a66be038b20491155

1646630139.9437017 C 67e3f608e03c9bc4489fb843e767798126b3b882c968184246f41d99223d06f3

1646630140.4726841 B 0c921ac3a40693a1e9f6f7ff17a25ea8a299523264694052c45fa353d7bea0ae

1646630140.8461764 A 32f3b1a5e09f512a8c9d56cb6dd7e0796d3e0f5a5225b0a5a0e6534452b1475b

1646630141.193491 C 7b59e1d1a57a27833aaab15000c705244185f8bcafc367423cc3464a03a9bba4

1646630141.8615563 C c3451740cd14f225507beb75871d46b12933c9deea38263237001c016e5dbe00

1646630142.103211 B a239c157e8c9244661f28f57ecd929a6bd63cd971684df9573871d2deda0ab17

1646630143.3660474 C 7cf91d7f4910bb11880454f69b7b6dc6be639e4d61e17c1e5fdde41fef764d3c

1646630145.9101217 C 34a1e5c1e45080f53eee96def5852c27409e657fe74786aba6221ed3f37406b5

1646630145.9880486 B c8a6b878b1b40f6f03d48151bae3ea34abc6c06ebdbde85c7b8708d80862a490

1646630146.605346 B d78a0c278c7541a0108e7ee8573e87478810815adb2c8bd873a7624fde2eb36f

1646630146.880591 C ce9de335ba4ec4fe8fee29c6e5e8a9c33494852649c594c005d86260f9847359

1646630147.3877716 C a21458fd9611e97586c3137c18fdab398c1c3719a726650204b234498d50d65d

1646630147.5094597 C fbdaf4dbadb4522ae23cb552755eb06af84686c7db2632139605ea9ca55d7ea0

1646630148.0018394 B c3b5227536f38171455b56b9d35ad26f2f9f2e62e0a79b9450781ad223271808

1646630148.2905214 A 372a361c3feece33be9bd323ee52381d193ebd0f7ab58acbe6b6142eeee67b53

1646630148.7283735 C adb68808f17593a8808004c503622c85eff3d1e3072044c49d2905963739fd67

1646630149.1785686 B efc5ff52bbea61b7dd7725cd05d8deb92cc1ee50fd1bed751f675dde0ebf00d7

1646630149.3886802 C 486d951d181973a7ddd3b765c4c714003eb2202870852dc134262b30dab31121

1646630150.1585 A 721ea3a7aeb5288a2199b5cf5ba52253d0ca7bd16021e4aabd534f1b4e49f08c

1646630150.158745 C 126ea2263f4590aefd11e68af6de487d073907fcf8b6db1f00048e60ddf16d3e

1646630150.4294617 C 855342cd0f9154d3cecd7bb8464fa4ab7344348b3d4364c9457cb9f1a31b15c8

1646630150.4950128 C aad1dff400149df2b736b6bc7db02711fa20bbeeb517487545c2107087f3c457

1646630150.5726774 B 94a121ebf861b7ccb9e2de21912824fead4c409a20935b7e1bbc31ca3054963d

1646630150.840787 B b3e8763674e06a4ac23387f0b3b10403be57f69ee6531c0332069bf5f81e1903

1646630150.8597977 C a367fcf3343dab78ed6417bf83a22c448d81c2ba3445dd6a12d2599b8cc7efdd

1646630150.8805854 B 7578f09dbb3e255bb169442b2bbfcd3c1a7d8a18a43bef7f6dcc9850983a5b56

1646630151.5898235 C ee00be762b0714d25ca5435809b38b5b83d4f4afdb43fdffe027bdc940f6f567

1646630154.027171 C b19e46de27a34f62e1f75dc827ed05fccef995b3e6ede7ce28c481d1baa84cc3

1646630154.2255275 C 478ea5a90b84493686e0f61e34cc1384cb488e955cb5c1c5fbe4eaa546daac23

1646630154.2690127 C 6f28056a744ad66afbd8807e263ae9ba8fb8a5057912dab625bc47d175b0a228

1646630154.613926 B 61727de4c9c168629c2d49a13f118c0ce5ca739ab44ef68413177312fcbc8680

1646630154.6503713 C e2b5696cb8d25c397e8fdc1de238370291c34a821703d22122e2df3a26688d76

1646630154.760238 B d44c711fe8b6a041050b2555cf20eaeafbb68b923f0ca809f54da09a0f58cae6

1646630154.9157834 C 839b29c6dfb081db48791acd0f0747a0602ff07632cc53b4b16cbc33e309f5ee

1646630155.3525825 B ea9452b3e9264ceb39fbbe6ed5efc470ff09eb56e36392ceec0b90954e58eed3

1646630155.7623258 B f26df46a5c1ecca8a67ebb0e16729bc551ad6f2bc560e80b45944b3eae48dd03

1646630155.7676585 C 2ad7193f09716606b33a6f45a4c5928e778d7c18be7c3f4d638a6083b5e4b58b

1646630155.9115632 B 0c7fb72cf58bad2ac56d3a35eb9173e57a51b5f6d6b568d626c1b96d9136f123

1646630156.2229974 B e18a4b5f21620bba4cb04aad35eef6a0d7b8284232a1b02fa7c9488336bbfc45

1646630156.2843099 B af6e43a35f2d72d5e00e5ace35edccde60d0c4f3a4aaea435e4b8fe8f6aa971f

1646630156.5223725 C bf536411e6b28b4cf81b705ef46d47e7f13b1979b73be4f16fdceefe7446b045

1646630156.6660345 C ce3b2c39d286a5115fef9c44ae47c0eeaf9f5dc6a67ffdfb4b56edda0445ee22

1646630156.9833863 C 1cda10d8857e7fbaea4c7d8570ea6ad1d8fb501b868e5b4f56cd50b1a84df882

1646630157.9003155 B fd6ac75ff8e473bd1f4e14708f301feb4f154ed0c5113e20cfb52ab208380f2f

1646630158.1717918 B 236ae82c12e9d90b9f243b9cd4e681679dc0e9defc4ea0474159966446c97079

1646630158.4298487 B 8bffd976e0f9662c272280ea64a975b4b014e5df18445ffac8842aae2538b968

1646630158.4823756 C dfeb83e8dd01c2bc105a51caae37df1f697e6da890ed7f057dcf10e82fef9821

1646630158.5191035 C d171c7e3bd7d760c734593f367fcbfe3261493f517908de96fe9f1c586d47fbb

1646630158.8385396 C 2ee5261283870d9db50859fa0a48d59e99a4de175eed6981a3aa458afe2e9dcd

1646630158.9513657 C 95c7d7fbbc68597b9221524adb9258836045ae9b6f53d1837f9249f1e4a11d8e

1646630159.3766677 C 67d82708fa8b973a0056e0ae28914ef87925facef56e3be3073aa02a2b8e4179

1646630159.6349623 C d31a9ac3e90e964c2df007d1868fbd1a4ad840e501f9e84abec4d328827b1b64

1646630160.1201828 B c29739a1404b13d993b6131cec5fe8df9fb69f22859b902b7a9b102cf73437ef

1646630160.4218953 B ecf68c7bfc0dfc57fbca0a013a6644f17581761c9876391daeb6f90c691c68e7

1646630160.5161817 C 5be463978c55ad5e1a66ba3773a58087f484e5bc16878133085cfff65519eb13

1646630160.8014433 C a3df872e8e0097bb39b23eb8ff49c6c0c9febd3dfb799b1a8184ee0e1df2aa07

1646630160.9399912 C b1af50ed250796e37f8b576051e97ef4079128735520bf53d9b327fdfb49d715

1646630161.0891151 C 63e29a3000e4e8f7b7d78c16450486578c5ef1e1c1b006ccef62f11f3337ea41

1646630161.391937 C e9488675a2013fe0b7010bccd0ac0f4489bddda1c162465c59abdceb371cc786

1646630161.4287274 C edeaa641ac7da3615730e8b3f997e60441559f51740ec055bb114a7aa577dd51

1646630161.7223196 C eee511ae9ec553ed283b7f148b7379380380c001fa8594f7ca40560ad054e2fe

1646630161.816028 A 2fce31c35d549bda3bc42a348af2a022273441d5e776dcb665a98c94986d8a8c

1646630162.17028 C 16750d06ef2358011770ca7f86f20794a21aa6055a9e6095f27440f26e060a67

1646630162.7081435 C edae683ece5835dad1dc50a1a88382e116b587591dfbb4adbbf8b14a405de938

1646630163.549191 C ad80e07b494f60a8ba5d93908afc7bbd1ad39ce097251c8181962b23c33fba3d

1646630163.8568969 C f994472ea390124fb7a8d81882c8d328ce6c0b1ff964cf52557152a934583b92

1646630164.251391 C b5418e95f85ffa24937c3ebffe5efa85133f97d04798bb85e02546173f54e2cf

1646630164.4781585 A e636e9771f77395bb082f139e91b8cf06d4cfdf999669af70b4b546344326f3a

1646630164.5879636 A 982c1716d102c755072ab5b03abf82777f24f2dc3c22cbb9aa8a33116a2a053c

1646630165.0762777 C a1bd8d66f4d5fd51ee70ed4efb1ff38d308b1492b14ea6fe4c1e01dd4664ac1a

1646630165.0974288 A 194faa6865f4b2dd31d37e4fcb6b5de5944197932c2d47ae196da39b8962cdee

1646630165.1086664 A fc486a92a11fa03ac6d4637453855c1cf579e22d8e3957bb885b3a4278d828f2

1646630165.461136 C 671fa75287886717a213038a6ac840fd4c3740baa79cd185859ae184d46eafd7

1646630165.6434658 C 2f78176ea0924467dba329ea2efe73698efbe520833864c855206efcc475c173

1646630165.7005258 C af34394061554050f24232f3bb3a4ec343aae936a1920c5b3441e9bc6ca5db90

1646630165.7600062 C cd80aebc676b00c781dfcd5a468079e0bbf2f2851f7a749e78d287c730c070ba

1646630166.2612338 B 586922fce28b36b10b268eb30d2051ab6247025e8abb668543ed416389f3323d

1646630166.6044421 B 5d406878caaa272d2f8b3f599179a212ddf30c639ca21b7d7c7b9238968bf493

1646630166.697094 C 11009543ad7d285a34018ccfab42e6cfb1255a7c0a619aa0290014ea6a49017d

1646630166.767115 C e549601a13ce9a28712daf8c49633cda2b202046d1f13477669d41717ced3c46

1646630166.930098 C e29210d07afac239c5dff8aee53f0ab1acc08368467aaab887ac0524226196b4

1646630166.9533494 B ce33d4905493eb4e501d23bfc47bf5133dff28f1b2ef7fdae25f78af0555b8ab

1646630167.231408 C 88c7fcf06c8a51358e5378a50ec3d3352fb5c38f7467165a9750e94315877617

1646630167.363584 B eef8638ad7ee99fbee4948a61ef7c765fac67240da878828b8c3e1897e9c632a

1646630167.5633929 C 994a1c5bf04b5f74f3ab196c5574d02be02c474d92b5b79318aef4a7f6b81544

1646630167.6548033 C 8f5846e1ed065476c54bc1a42649128778788dee05756ee9ca7f620cd3c4b8b3

1646630167.785481 C b4ffc190de85af7841739938466c6c017ed48909b9937f85e46d3277896336c0

1646630168.404397 C dcccfc37e8ff285aaec7685c81ab095a6ccb439af5a87331e0b4c4bdad1e4d34

1646630168.7578042 C e30801591a5e73a458abfb9f406b06beccaf3674f19a65bdb4dd6fc50327dde9

1646630168.9982388 C cf1e636b2b7296d1538f73837edefc2994cfe06c43a07f7d9128e524a306f8c8

1646630169.0608926 B 3712e10e7b784613a262038fc01e845ee679576164e65443ecb34851809f3140

1646630169.3928568 - C disconnected

1646630170.0084693 B 4ee79276ad8c08e057c2ce81cbcdc0da582954ea466a916d4a9596030ad53565

1646630171.2819223 B d24702ac05135be1440c9aaed492f32f355b96576a2e2972b99265571c31e251

1646630171.3876374 B 784f1b93752403d6be019a568d234434d162622f6da7c7c664ed17d4e0e0dde1

1646630171.4622917 B 6480166341783e5e940fd13a1b8ca0cad540865bcdb53fcebb0040790fdbf02e

1646630171.578175 B 1f8b172bfab18bb94393e0f213ee982f84aca662c077e4af19d04a53c61eb9cf

1646630172.735941 A 8f85fc022d1ea1275fb69b93048a50c4a4e7bb3df5a760a83ddc04154c0f62e9

1646630173.8082829 A 0b15cc27885a364ca933249083afb5502d9f071c45b70ea70f94b67be08f61bd

1646630173.870758 B 9f9c74b7c82d9ab1573cc0dece7bc66692fc6302c75a627b72dab49d07424bf4

1646630176.1927633 B 638474fe302a5f1925310cf8ae5f7aa42960a48aab38a1c1ac22d4d6749d5e66

1646630177.5410721 B b76c6aa0d24c026114e6aa66eb9c77996267511811f40dfabec4a8844bf93fc8

1646630177.7416801 A 12b015707efe9779f227185870be4a257d4d55f8937ab85a18c5f287ffad5b19

1646630179.832964 B 89fb1177ccb54c8020e88770a19be88c8e6d61f2d151751bcd63c2641d49e63e

1646630182.7011843 B 2b56ed4a5572c575fd8f22ed5fe62fa732dedcef400d5770fea3fd28003a78d8

1646630183.1340888 B 52b8b382768dd20889ae4b54345b81599eaaadeb3e423262a8efcce81485b2f1

1646630183.1995132 B 92c46e9230f383738132c7274d49a2da9f0dc183f80afaa2ceb664e4b6651817

1646630183.2739034 A 34fb183350ebf7b42a139482521e93bce310d5cc5fd4c648fb292d4dac18c115

1646630183.6428096 B 359cbe21664d850dde3bc0d01f0e4de6f0735e38408a31ec1f4d543bcea6c4c6

1646630185.0969493 B 979b4e5e898a78079138a6576418f9017e150ac9a9c448d726aa53a7be061f8c

1646630185.4550633 B 38f36c83e970406e61b6bb26792e9953bb6698b342a30bada6ad95f6fed88dd5

1646630185.9133348 B 86aadaa5793a10892d0928602f9e0cc83a30b7148fbf47e8bb173ae576a88f16

1646630185.9241881 A daab616b5a7cd563db8dc44f98c6cfe204d442824d2633a64fc2c0a2077f007d

1646630186.5060062 A b4d5bf7bbf8d3d4b583b8f4ef7781f6e59852e6c3ee6fc796d9e4811e2a44217

1646630187.3763375 A 0fda39a38f85d051febeb5d716880eac42f1eec93d9cd60f52dea9ca23f95d7e

1646630187.418986 B f0f7502bea05ea3c70489018ce26622c27125aebaedb5ed67cb6c34ef0e20ed2

1646630188.0437608 B 2a0fd906c58e78a9a6bd0cc9bd4bc7883a74403a4064f03cc46f5b82ef936e07

1646630190.0981386 A 6c5e274001114c5799d0e4f1d6eb96e6256c15e99837eb7ee793523e67423243

1646630190.1826794 A 646949d0befa1232f5543f958122db19d1b07ae1f2e3af49de0d026e9eba7286

1646630191.1643913 B d4662b3d66b36e5905189cc4e4c6f22822add08278a638b97a2fd870719b0ecb

1646630191.6513019 B 3c4f1f7c3b5301fb4194c00a9b4f8f26c14dff5c3882b9336dbca1eb028c38ed

1646630191.8971736 A 4d4fa281557dbba63dda58b12e725254d4f70c19d583db635320041ca43bef7e

1646630192.5525925 A 441af9b941afe373cecf754c21e793cb4e95a9b2e240d252cb6870e245294082

1646630196.2649698 B 32ceb518de7bc3c83f8304cd8e8446c16c622de6dde7106a8dba189e06a7b161

1646630196.4351966 B 25834f97fd1ade2091c701d7c7ea7272f18f68f5585e5725e388eeb9844bd5da

1646630196.8621178 B f42e41fd8912039c99c0e50bfdd85dbee1b74c86982109cc9d900149cee750d0

1646630197.1153347 B c7ccdc9ad4838dece5d58f76fdb95d85d1e9efb626943aa344f763bf75889154

1646630197.851574 B f94051b5a2297e4ffab5e05446f3c69aac5fed499b38afadb7971e5dd1f49f76

1646630198.6669211 B 5655055e156fb2be218606183d135ddfd57dc4614bd03db5be12310c1deebadd

1646630199.601178 B a10ecfeebfb7118ddb7f81b693b132b98c83c1bea5b09678e323fff205060da0

1646630199.7507148 B ff37791c857ea729a9c453a12605556162898271429e9184cfb463824a110b41

1646630200.121744 B 9706341bbe0670a594d663cca37e0dc283ed4f2e80cbb2d6df27718b94d998ef

1646630200.4091966 B 0eb9fe96a716793f8da5f244a9b1fc1e8f58ad058489fd202f9ec005f3e8a36f

1646630202.200497 B 85dad5eef2083dcf7ca05a0c30b2fa98d3c5a5ef87267f137f9a5df56b44a45b

1646630204.3959591 A 6a1f917dac712c9b975564388371154dc9f1e5c12999b1f830a5aee193a5d0a3

1646630205.5126445 A 299df050c5d0a438bc89b5fc673f67cd5c01bd9d2df82bfa129c58ded30f915f

1646630207.0852785 B e4626ba4adfdb0d2f08fca210e4898ea6f31b46cc1a33848792fc1e90a33951a

1646630207.1496737 B fc365da925485eaac2eafc4791a905b6c3a02fb2144bc595ef362ed74d89a338

1646630208.2966645 B 244c51b028fe1284926c5e238fa8275dbb5c1765bfd47d8ae5c43a2121a6b9ec

1646630208.4664748 B 00381590e6643598e3243ae24e0c51aca761b943bb172714c5189601cfe48947

1646630208.5844064 B 31e8112d39fab44bb745ca66110cea006092375cb47aa7a30151d1a2fb79b93d

1646630208.7111435 B dfda600f6502c4e249ffdd1008f7c8f2b6cab7e8d12b2807657047433dede1fe

1646630210.3885543 B e31f8ec5bc3e7a0d1568d60e012e00c3fd5687028147e2266a8e8cc111024323

1646630210.6361256 B f1fe298a12762d79c3bb22abb952adb679c1c27f786878fb3455c47a2380b5fa

1646630212.2049565 B 404c3e4014a9edfb44420f8eb3dfa7b14c40a16e310535462c2728948c9892ce

1646630212.9697564 A 2d95595b35a81e2de72a31a92aabb26102717a1ea2f3ebe3a90afdbac3c1859d

1646630213.7318466 B d48ce13629ed5806b9823f418ca7a84362df4cacc4b61d0277f15b78397a1812

1646630213.806638 B 2d8cc7c3900b3dd4db158d4c812ea6e455b783f7c5cfc759dc8ac9741fda3f4e

1646630214.931969 B b958122e89baf80e1ac2eb1c406dfcbf8abd77043ddd472a031feb7c219f0192

1646630216.4888391 B 4a89fe6b4f0c67bac984d40d488f19912f68ddd05d7bfd50ca1490cb608cde36

1646630218.0486927 B a64de1d9cf848048167e02984a985f2d3ebaae5041e3f8810066bbc974f447be

1646630218.1132214 B 93e9c59fe7c8691b08df3580713e01ff1164c8c81e1d05e48b91966ba05a6290

1646630218.7488542 B 27d25a067db7d2755967eb51f76dbd2bb3a352c17ce0495843d101933bf1000a

1646630219.1387596 B 82a51bd7ca9ceaaffe62c144ba810a836421e36d8db74b11ddb2ee6dc9e5f364

1646630219.4579048 A f1e64f4117ac130d91e89e091e278f5a4b362776cf1cda8982656be33e723138

1646630220.0521593 A d4f12b6ce94fdd20bbf204f3c77b1f10d6d4aab662c99d061cbd11e7016b40b0

1646630221.4301624 B 65bf6d3f5022017c1d8442ec0420707b379804ee9a5113a2153809a29cd97a2c

1646630221.5161674 B 7fec25619cdf07eeb4505c2763be1f4bef630bc0ad3bbd729499cb48efda602d

1646630223.7539186 B 0d06bc1cbcb811e18044454f1af233ec259c9f0935b3a4a19d5945e92c3ef407

1646630224.1689188 B 1a382bbb08a01e84d23bbc6f187b26c1e8f372522b27ccf99586dcbc28a73239

1646630224.5276058 B 6757eb8cea9491b3c99eee37cfad55132820c2d80244e190d72dab566a4d3e6f

1646630226.18316 B a37169a57a124d0196927f69d36506b30c2e7ca4ca9c41b82b71ad8b8c0d9fae

1646630226.8415983 B 417a92ac4586a454c9a1af9edd46b779a49ccafa66f8b9f9e700c9041a7637db

1646630229.0488842 B e874f7e9ab3141923204e5432e3745346a72583907e44314148ddaedeec3f564

1646630229.8439288 B 357a9e221e1dbc94ae923013c4ab1d7b388dc07b4cf5f3e2df159c60ceaf6449

1646630229.865038 B 53613b85dc3571267a60d2d85ce93331c4c0a160bc720e6103090fc4d941a269

1646630229.9292808 B 5d75ce272f557586d3d6cd1d3bf0fd03c473e5d3d914394dd3c560b22a1bac83

1646630232.1599288 B 9107dea940d179e6cc1774cf1e42d74691bfd8490fdbc0b7af2b89698fad8e65

1646630232.626552 B d67d988fb233302cf89864515a87bdf48d30a7d1fd769b8aac42441e486d2b0f

1646630233.133376 A b7ce6ecb47be9d91a7214d61f4eb6f07471a37f7ef503a8af42ff40c4f5b9ac2

1646630233.899457 - B disconnected

1646630237.904274 A 34b7ae34d7647b8b11928eadce514b73efedead2927fcd729dcee3c9019dede8

1646630240.2132435 A 0ccd9bf6b3309d7974d07437e531db0d3a58eac5ae70470657ebb65a84773c6f

1646630240.9998143 A fee46934f3b2bc95c37e843624b6c65422eae51cb8ae84e9ea50846fa7885b9b

1646630241.202548 A ba1a9456e064448ca0375937c3c228c3631b8d71bbb5af097834c119947a9af3

1646630243.8504124 A 211279558e41d662c7ad8c1c27e4600eddf1fc585f4434230c6008cc33d668a1

1646630253.9683144 A 334e289dd570c0de26919c814bba5d8bf37aefc34ef07636a275f464637c8be6

1646630258.5799668 A abae9a529163a11e2b79385ddf89ce71fe89634df9da121ed3c41183a67e4d29

1646630272.4265418 A e60555f9d97bda15e7d0e20ecaa0c4fcb5e1818b4329d2d6fe30c8c8095ff85b

1646630276.9957845 A ddc5d774ee4cf290eab48a1d79f834bbc4a5c5cbc4e14a830d14dd3fffa21ecc

1646630279.2265115 A f7d4a5422113b417c7b9c1e1689a996425f85c175c71e4929e8b92e2ae9c245e

1646630289.1252568 A 13ebcceb3ed6c3bf211fbe3ada19849695cba4104187417367d8512ce26297b8

1646630292.6601048 A 98749948f7d88b820f545b72c9e175245846700f0d9482c6155df3631d97522d

1646630296.964925 A cd96b87c79edac33ba42dde9f29f3d55cb2b94d00d45a3c633ea10fe1cc6c8fa

1646630308.1247807 A 7861f42a78007e74448b8718cebee8fcfd8c3276fd19bfa6e5fd090d95f90f91

1646630319.9279602 A f69a52320d973382757a0e603cbd06577a2589eb298578b3659b911e50757da7

1646630321.3757286 A e70e7a92a396cdc12ca6b26a70f9990d631d5fc774eabad755d3cfb472ff95c2

1646630328.7983332 A 90784fa0d0549cfc688fa4c971cb35285320d83af27b7a13e2759deab059a735

1646630329.5107036 A c1269b0eba9070498905aaef3d51b554618a183d872334453e94a71ad87c0558

1646630341.58365 A bece3242759897175357f1ee18055f34e5e23f1ddaebc89a32e01f931504b03b

1646630357.6005344 A 1392ca2679a7d77126f093aed5e9d19c01686538f75bc8d864e60d71bd304e30

1646630358.9471283 A 8c6f9846756f33257f33dd1ff6b9e4fb79a10733adae6c1e36883c57f27c207e

1646630362.261918 A 302954a697cbbc248df7bc3898f02f42198ee919cbd17ab7d3a6855c6dc43183

1646630370.626802 A 34f740bb078dc1997832d4f3f719c924cb682aa694ed9e435fd43240209afea0

1646630370.9799628 A 1c9c7b07b8f33f8fd75a1b174e075ebb41874d1bd6dc2dc74b9f9db4423ba05d

1646630381.9792306 A afa6038266c2da05375a31b2905973ea7cce120b427c26ef0d7968b78e86915c

1646630384.2063308 A 1e92113a664cccfd4ae484fe9c6ef78d7a045efd0d6b713b953c72f9002abe2a

1646630385.5400212 A dc430bde1abae48b9741ced8a263dd038e73c9ef3e487e19d66414a9a8fd587e

1646630391.1711912 A fc5a91dec01d764d0df574f6acd780d09e1019e53e42d9ba8110a88a7e817b53

1646630400.0272882 A 1ef1e35f6691ee76dfbae8bffbd693a857f1ca8e1a76362c406621a9648592e7

1646630405.549236 A aadaf410fa48597915859fffcaf1c1cb37b2c045406503b011524064bb9fb588

1646630413.5691936 A 46fdda764d2fc3bac8f9a81c792f35220b5da5bee663505e1a3cca1ce7ff24eb

1646630441.3756492 A aaec7bec89cc12cb2e21dbb644163f181e3d9caed8f5a935c98111a23756f05f

1646630453.976369 A f0328bcbe180b3485c5e5c0d1c8e653d833c97231c165032df63f281004ad7f4

1646630454.6653047 A 0fe287632d92f36129bcefe383cea623717c2f02502bea769597a5054d682b2d

1646630457.7160392 A e53aba4637fc211f8c07e98a7731f9704eccbc182bdf9f3ff72ab68075518d2c

1646630464.6630542 A 0f386b18275811684344dec01dba52e575219ce2a09acef6c73ff0d2e6ec9c89

1646630470.2913685 A 77fe9f228697e0da9f1fcdd23274e2e0e4f157cccdaf4fc88c22b18bdb3b0f30

1646630491.7698781 A 5da9863f78ec0a51ffdef668ee19c90d2ed79ffffdfc428dae85937425e2a7be

1646630492.915023 A 6bfc55e233435f30c0841578c269abf831d1fcc4d8a9c00c0c39dac3f2b1b000

1646630493.383958 A e8ad3353d12b6086aeebf933374996d29782ce8aa9e0b8111c8f65f6240189d7

1646630496.6933126 A 85a94ea5702dd8f3a4d56e3d8d956402f47e4e451a3f8aff7d97f8dd13b4ae88

1646630511.1611319 A cfb97e5d61eb370bca6209eb348e7c8bb87ee27777ee1854595365d1a5b436f4

1646630512.9467318 A bbd12a7d356841e94a7a9a02354bd26fd85960bfa917854349f1325e4b3a9070

1646630519.7579288 A 5aa29fdf008cdcf7a9aa754d6c210b4b53edf209086ba7927b95178df977d839

1646630537.4254274 A 2cb4140fb2153d767b056930846f8068e395ba30db92542a785642a3669e98b6

1646630538.7430665 A b1eadde29ba6532bc5cdb205ec93d10def7356391253f3b064c5734e1ab4b20b

1646630552.849002 A 6121f7bab6d410530a2582e55ac26cecede325a682706c086b77e06020bfc58a

1646630556.6445794 A d4b94f40e0f07646629370fad08b5c522ea82bbb693a799b6170a7c6dec44d9c

1646630565.7061687 A 9bb26cdd90b8b84c1ed703e022c4c63d32fb28611c53a24772b03b70749036d8

1646630567.0122678 A c70c90a7ea2179ed45c1eeac6a1a7183b223a2729f2348b3a56ba4ef9c5c246d

1646630567.6987102 A dabf9d387e83088fc29c5210cf82a12cc432d20583692e3f6f52bbcec6a12c57

1646630570.0689795 A 5e3b7b22d04cdc2efdf10b1137730c22f013b07964e716ae2c94b8c16b7cec9d

1646630572.664396 A 4ec005cb95c1c802d1c856f8ec7d871a0e9bd4ca8a47815220dc4295d65b158f

1646630572.8652318 A dc0af286a21ed16662dc8bfb10af216db8ab40c94b7798be2f87da5d923a4848

1646630589.7277129 A 522ab40149334d8e53e03529267ca259c0f0457aeb31c30f71c734c5c56a0206

1646630590.281932 A 05e348bc5dfb21d360b1e098214d32254e09d5dc1fbf9244a65d05a5b617fcaa

1646630593.1467686 A 3e2288ad2b1481271dc0513ebc765b957bf99fb622381eed939ae1be759fc9eb

1646630593.2008328 A e53536cf0bed57b621033d6a06ea63d8c60dbbbce07551000744c0dd9ca80b55

1646630595.5967066 A 2c119f8f48889b3d54f908f36fbb1f7bdaa89a164be3c7de41965d1f25d8afa3

1646630607.47917 A dea320ffefdc4478c54dba0286f5b772142fc220619ad566b2cc271e2cdf6706

1646630609.8701763 A 8d083ebb5062d1d238386bbeba62a747ca001a4fa66227f1ea159f4d384f4366

1646630612.523775 A c425c775f485a8895e8a235a96ad8a717377e445a2b4912f6a7fd976fae7fcee

1646630617.52599 A df9c7184b103ab08ed19fa3dc8366da1caeaee563222ffeb22fbb9bfa62a29cb

1646630621.6193993 A 51d8a8f3b5924389361d29f5aae4e1f03e183598bbbecbeaff5021950cc2134d

1646630625.244041 A cf0a481b0c9ed31a597031fbe3f11f7955c233acd06a5a9ee79e9b9b34a217be

1646630627.5047178 A 464e13cf0da2c9edd43ef78e2040ade3c4527135898c4c26da239a8a9c4683ba

1646630627.7181613 A faa4bb39a355b92d26d5aae8ec0c6d4ffa8bcefbf42234c7a2a9d328722e484c

1646630644.693588 A a8afe8231971babc1c9f777c62467ff85d654be67830877601c8a847d503da2c

1646630652.9160097 A cca191ffd55b4aa5834aeddbd17c4a059bf3c90b33362774fe8af24d460ba050

1646630669.3267329 - A disconnected

